<?xml version="1.0" encoding="UTF-8"?>
<!-- Generated by org.testng.reporters.JUnitReportReporter -->
<testsuite hostname="DESKTOP-DGCF437" failures="0" tests="2" name="SeleniumFrameworkDesign.Tests.ErrorValidationTests" time="16.408" errors="0" timestamp="2023-10-08T13:49:43 IST" skipped="0">
  <testcase classname="SeleniumFrameworkDesign.Tests.ErrorValidationTests" name="LoginErrorValidation" time="5.952"/>
  <testcase classname="SeleniumFrameworkDesign.Tests.ErrorValidationTests" name="ProductErrorValidation" time="10.456"/>
</testsuite> <!-- SeleniumFrameworkDesign.Tests.ErrorValidationTests -->
