<?xml version="1.0" encoding="UTF-8"?>
<!-- Generated by org.testng.reporters.JUnitReportReporter -->
<testsuite hostname="DESKTOP-DGCF437" failures="0" tests="1" name="SeleniumFrameworkDesign.Tests.AppTest" time="0.001" errors="0" timestamp="2023-10-08T13:49:43 IST" skipped="0">
  <testcase classname="SeleniumFrameworkDesign.Tests.AppTest" name="testApp" time="0.001"/>
</testsuite> <!-- SeleniumFrameworkDesign.Tests.AppTest -->
