<?xml version="1.0" encoding="UTF-8"?>
<!-- Generated by org.testng.reporters.JUnitReportReporter -->
<testsuite hostname="DESKTOP-DGCF437" failures="0" tests="1" name="Cucumber.TestNGTestRunner" time="6.841" errors="0" timestamp="2023-11-18T18:25:10 IST" skipped="0">
  <testcase classname="Cucumber.TestNGTestRunner" name="runScenario" time="6.841"/>
  <system-out/>
</testsuite> <!-- Cucumber.TestNGTestRunner -->
