<?xml version="1.0" encoding="UTF-8"?>
<!-- Generated by org.testng.reporters.JUnitReportReporter -->
<testsuite hostname="DESKTOP-DGCF437" failures="0" tests="6" name="SeleniumFrameworkDesign.Tests.StandAloneTest" time="52.745" errors="0" timestamp="2023-10-09T20:00:11 IST" skipped="1">
  <testcase classname="SeleniumFrameworkDesign.Tests.StandAloneTest" name="submitOrder" time="9.856"/>
  <testcase classname="SeleniumFrameworkDesign.Tests.StandAloneTest" name="submitOrder" time="9.302"/>
  <testcase classname="SeleniumFrameworkDesign.Tests.StandAloneTest" name="submitOrder" time="10.544"/>
  <testcase classname="SeleniumFrameworkDesign.Tests.StandAloneTest" name="OrderHistoryTest" time="6.145"/>
  <testcase classname="SeleniumFrameworkDesign.Tests.StandAloneTest" name="submitOrder" time="9.066"/>
  <testcase classname="SeleniumFrameworkDesign.Tests.StandAloneTest" name="submitOrder" time="7.832">
    <skipped/>
  </testcase> <!-- submitOrder -->
</testsuite> <!-- SeleniumFrameworkDesign.Tests.StandAloneTest -->
