<?xml version="1.0" encoding="UTF-8"?>
<!-- Generated by org.testng.reporters.JUnitReportReporter -->
<testsuite hostname="DESKTOP-DGCF437" failures="0" tests="2" name="SeleniumFrameworkDesign.Tests.ErrorValidationTests" time="20.796" errors="0" timestamp="2023-11-19T00:00:29 IST" skipped="0">
  <testcase classname="SeleniumFrameworkDesign.Tests.ErrorValidationTests" name="LoginErrorValidation" time="8.520"/>
  <testcase classname="SeleniumFrameworkDesign.Tests.ErrorValidationTests" name="ProductErrorValidation" time="12.276"/>
</testsuite> <!-- SeleniumFrameworkDesign.Tests.ErrorValidationTests -->
