<?xml version="1.0" encoding="UTF-8"?>
<!-- Generated by org.testng.reporters.JUnitReportReporter -->
<testsuite hostname="DESKTOP-DGCF437" failures="0" tests="1" name="Cucumber.TestNGTestRunner" time="8.349" errors="0" timestamp="2023-11-19T00:04:53 IST" skipped="0">
  <testcase classname="Cucumber.TestNGTestRunner" name="runScenario" time="8.349"/>
</testsuite> <!-- Cucumber.TestNGTestRunner -->
